[INFO ] 2019-10-29 12:52:43.071 [main] DriverScript - execution of loadingfiles method started here..
[INFO ] 2019-10-29 12:52:43.089 [main] DriverScript - the execution of the method executeTestScripts strated here..
[INFO ] 2019-10-29 12:52:44.238 [main] DriverScript - The Scenario Login has started........
[INFO ] 2019-10-29 12:52:44.241 [main] DriverScript -  ChromeBrowser launched successfully
[INFO ] 2019-10-29 12:52:57.605 [main] DriverScript - The Method navigate execution has started in Scenario Login
[INFO ] 2019-10-29 12:52:57.606 [main] DriverScript - The excution of the navigate  method started here... 
[INFO ] 2019-10-29 12:53:31.091 [main] DriverScript - The excution of the navigate  method ended... 
[INFO ] 2019-10-29 12:53:31.091 [main] DriverScript - The Execution status of the Method navigate in Scenario Login has become pass
[INFO ] 2019-10-29 12:53:32.209 [main] DriverScript - The Method validateTitle execution has started in Scenario Login
[INFO ] 2019-10-29 12:53:32.295 [main] DriverScript - validateTitle method successfully ended
[INFO ] 2019-10-29 12:53:32.295 [main] DriverScript - The Execution status of the Method validateTitle in Scenario Login has become Pass
[INFO ] 2019-10-29 12:53:32.583 [main] DriverScript - The Method validateMyntraLogo execution has started in Scenario Login
[INFO ] 2019-10-29 12:53:32.982 [main] DriverScript - validateMyntraLogo method successfully ended
[INFO ] 2019-10-29 12:53:32.982 [main] DriverScript - The Execution status of the Method validateMyntraLogo in Scenario Login has become Pass
[INFO ] 2019-10-29 12:53:33.162 [main] DriverScript - The Method login execution has started in Scenario Login
[INFO ] 2019-10-29 12:53:33.163 [main] DriverScript - loginMethod started here.. 
[INFO ] 2019-10-29 12:53:33.364 [main] DriverScript - Element 'profile' is present
[INFO ] 2019-10-29 12:53:37.644 [main] DriverScript - Clicked on 'Login' button
[INFO ] 2019-10-29 12:53:37.720 [main] DriverScript - Element 'Email' is present
[INFO ] 2019-10-29 12:53:38.045 [main] DriverScript - Entered aravindcr11@gmail.com in ,Email,field 
[INFO ] 2019-10-29 12:53:38.120 [main] DriverScript - Element 'Password' is present
[INFO ] 2019-10-29 12:53:38.307 [main] DriverScript - Entered aravind in ,Password,field 
[INFO ] 2019-10-29 12:53:38.352 [main] DriverScript - Element 'Login' is present
[INFO ] 2019-10-29 12:53:38.543 [main] DriverScript - Clicked on 'Login' button
[INFO ] 2019-10-29 12:53:38.543 [main] DriverScript - loginMethod successfully ended 
[INFO ] 2019-10-29 12:53:38.543 [main] DriverScript - The Execution status of the Method login in Scenario Login has become Pass
[INFO ] 2019-10-29 12:53:38.896 [main] DriverScript - The Method verifyUser execution has started in Scenario Login
[INFO ] 2019-10-29 12:53:38.897 [main] DriverScript - VerifyUser method started here.. 
[INFO ] 2019-10-29 12:53:42.494 [main] DriverScript - Element 'profile' is present
[INFO ] 2019-10-29 12:53:42.834 [main] DriverScript - VerifyUser method successfully ended
[INFO ] 2019-10-29 12:53:42.834 [main] DriverScript - The Execution status of the Method verifyUser in Scenario Login has become Pass
[INFO ] 2019-10-29 12:53:43.088 [main] DriverScript - The Method logout execution has started in Scenario Login
[INFO ] 2019-10-29 12:53:43.089 [main] DriverScript - Execution Of the Logout method  started here..
[INFO ] 2019-10-29 12:53:50.438 [main] DriverScript - Execution Of the Logout method successfully ended
[INFO ] 2019-10-29 12:53:50.438 [main] DriverScript - The Execution status of the Method logout in Scenario Login has become Pass
[INFO ] 2019-10-29 12:53:50.618 [main] DriverScript - The Method closeApplication execution has started in Scenario Login
[INFO ] 2019-10-29 12:53:51.738 [main] DriverScript - The Execution status of the Method closeApplication in Scenario Login has become pass
[ERROR] 2019-10-29 12:53:51.945 [main] DriverScript - there is an execption araised during the execution of the Method loadFiles , The Exception :java.lang.ClassNotFoundException: 
[INFO ] 2019-10-29 23:47:36.448 [main] DriverScript - execution of loadingfiles method started here..
[INFO ] 2019-10-29 23:47:36.671 [main] DriverScript - the execution of the method executeTestScripts strated here..
[INFO ] 2019-10-29 23:47:39.007 [main] DriverScript - The Scenario Login has started........
[INFO ] 2019-10-29 23:47:39.118 [main] DriverScript -  ChromeBrowser launched successfully
[INFO ] 2019-10-29 23:47:52.728 [main] DriverScript - The Method navigate execution has started in Scenario Login
[INFO ] 2019-10-29 23:47:52.729 [main] DriverScript - The excution of the navigate  method started here... 
[INFO ] 2019-10-29 23:48:11.855 [main] DriverScript - The excution of the navigate  method ended... 
[INFO ] 2019-10-29 23:48:11.856 [main] DriverScript - The Execution status of the Method navigate in Scenario Login has become pass
[INFO ] 2019-10-29 23:48:13.344 [main] DriverScript - The Method validateTitle execution has started in Scenario Login
[INFO ] 2019-10-29 23:48:13.356 [main] DriverScript - validateTitle method successfully ended
[INFO ] 2019-10-29 23:48:13.356 [main] DriverScript - The Execution status of the Method validateTitle in Scenario Login has become Pass
[INFO ] 2019-10-29 23:48:13.620 [main] DriverScript - The Method validateMyntraLogo execution has started in Scenario Login
[INFO ] 2019-10-29 23:48:14.476 [main] DriverScript - validateMyntraLogo method successfully ended
[INFO ] 2019-10-29 23:48:14.477 [main] DriverScript - The Execution status of the Method validateMyntraLogo in Scenario Login has become Pass
[INFO ] 2019-10-29 23:48:14.670 [main] DriverScript - The Method login execution has started in Scenario Login
[INFO ] 2019-10-29 23:48:14.670 [main] DriverScript - loginMethod started here.. 
[INFO ] 2019-10-29 23:48:14.817 [main] DriverScript - Element 'profile' is present
[INFO ] 2019-10-29 23:48:18.818 [main] DriverScript - Clicked on 'Login' button
[INFO ] 2019-10-29 23:48:18.878 [main] DriverScript - Element 'Email' is present
[INFO ] 2019-10-29 23:48:19.356 [main] DriverScript - Entered aravindcr11@gmail.com in ,Email,field 
[INFO ] 2019-10-29 23:48:19.401 [main] DriverScript - Element 'Password' is present
[INFO ] 2019-10-29 23:48:19.615 [main] DriverScript - Entered aravind in ,Password,field 
[INFO ] 2019-10-29 23:48:19.660 [main] DriverScript - Element 'Login' is present
[INFO ] 2019-10-29 23:48:19.835 [main] DriverScript - Clicked on 'Login' button
[INFO ] 2019-10-29 23:48:19.835 [main] DriverScript - loginMethod successfully ended 
[INFO ] 2019-10-29 23:48:19.835 [main] DriverScript - The Execution status of the Method login in Scenario Login has become Pass
[INFO ] 2019-10-29 23:48:20.051 [main] DriverScript - The Method verifyUser execution has started in Scenario Login
[INFO ] 2019-10-29 23:48:20.051 [main] DriverScript - VerifyUser method started here.. 
[INFO ] 2019-10-29 23:48:21.993 [main] DriverScript - Element 'profile' is present
[INFO ] 2019-10-29 23:48:22.191 [main] DriverScript - VerifyUser method successfully ended
[INFO ] 2019-10-29 23:48:22.191 [main] DriverScript - The Execution status of the Method verifyUser in Scenario Login has become Pass
[INFO ] 2019-10-29 23:48:22.479 [main] DriverScript - The Method logout execution has started in Scenario Login
[INFO ] 2019-10-29 23:48:22.480 [main] DriverScript - Execution Of the Logout method  started here..
[INFO ] 2019-10-29 23:48:30.624 [main] DriverScript - Execution Of the Logout method successfully ended
[INFO ] 2019-10-29 23:48:30.624 [main] DriverScript - The Execution status of the Method logout in Scenario Login has become Pass
[INFO ] 2019-10-29 23:48:30.843 [main] DriverScript - The Method closeApplication execution has started in Scenario Login
[INFO ] 2019-10-29 23:48:31.866 [main] DriverScript - The Execution status of the Method closeApplication in Scenario Login has become pass
[ERROR] 2019-10-29 23:48:31.979 [main] DriverScript - there is an execption araised during the execution of the Method loadFiles , The Exception :java.lang.ClassNotFoundException: 
[INFO ] 2019-10-30 08:16:46.013 [main] DriverScript - execution of loadingfiles method started here..
[INFO ] 2019-10-30 08:16:46.251 [main] DriverScript - the execution of the method executeTestScripts strated here..
[INFO ] 2019-10-30 08:16:48.437 [main] DriverScript - The Scenario Login has started........
[INFO ] 2019-10-30 08:16:48.441 [main] DriverScript -  ChromeBrowser launched successfully
[INFO ] 2019-10-30 08:17:01.211 [main] DriverScript - The Method navigate execution has started in Scenario Login
[INFO ] 2019-10-30 08:17:01.212 [main] DriverScript - The excution of the navigate  method started here... 
[INFO ] 2019-10-30 08:17:16.465 [main] DriverScript - The excution of the navigate  method ended... 
[INFO ] 2019-10-30 08:17:16.466 [main] DriverScript - The Execution status of the Method navigate in Scenario Login has become pass
[INFO ] 2019-10-30 08:17:17.493 [main] DriverScript - The Method validateTitle execution has started in Scenario Login
[INFO ] 2019-10-30 08:17:18.190 [main] DriverScript - validateTitle method successfully ended
[INFO ] 2019-10-30 08:17:18.190 [main] DriverScript - The Execution status of the Method validateTitle in Scenario Login has become Pass
[INFO ] 2019-10-30 08:17:18.449 [main] DriverScript - The Method validateMyntraLogo execution has started in Scenario Login
[INFO ] 2019-10-30 08:17:21.141 [main] DriverScript - validateMyntraLogo method successfully ended
[INFO ] 2019-10-30 08:17:21.141 [main] DriverScript - The Execution status of the Method validateMyntraLogo in Scenario Login has become Pass
[INFO ] 2019-10-30 08:17:21.331 [main] DriverScript - The Method login execution has started in Scenario Login
[INFO ] 2019-10-30 08:17:21.331 [main] DriverScript - loginMethod started here.. 
[INFO ] 2019-10-30 08:17:21.487 [main] DriverScript - Element 'profile' is present
[INFO ] 2019-10-30 08:17:29.625 [main] DriverScript - Clicked on 'Login' button
[INFO ] 2019-10-30 08:17:29.674 [main] DriverScript - Element 'Email' is present
[INFO ] 2019-10-30 08:17:31.409 [main] DriverScript - Entered aravindcr11@gmail.com in ,Email,field 
[INFO ] 2019-10-30 08:17:31.453 [main] DriverScript - Element 'Password' is present
[INFO ] 2019-10-30 08:17:31.982 [main] DriverScript - Entered aravind in ,Password,field 
[INFO ] 2019-10-30 08:17:32.038 [main] DriverScript - Element 'Login' is present
[INFO ] 2019-10-30 08:17:32.234 [main] DriverScript - Clicked on 'Login' button
[INFO ] 2019-10-30 08:17:32.235 [main] DriverScript - loginMethod successfully ended 
[INFO ] 2019-10-30 08:17:32.235 [main] DriverScript - The Execution status of the Method login in Scenario Login has become Pass
[INFO ] 2019-10-30 08:17:32.418 [main] DriverScript - The Method verifyUser execution has started in Scenario Login
[INFO ] 2019-10-30 08:17:32.419 [main] DriverScript - VerifyUser method started here.. 
[INFO ] 2019-10-30 08:17:35.158 [main] DriverScript - Element 'profile' is present
[INFO ] 2019-10-30 08:17:36.218 [main] DriverScript - VerifyUser method successfully ended
[INFO ] 2019-10-30 08:17:36.218 [main] DriverScript - The Execution status of the Method verifyUser in Scenario Login has become Pass
[INFO ] 2019-10-30 08:17:36.381 [main] DriverScript - The Method logout execution has started in Scenario Login
[INFO ] 2019-10-30 08:17:36.381 [main] DriverScript - Execution Of the Logout method  started here..
[INFO ] 2019-10-30 08:17:44.868 [main] DriverScript - Execution Of the Logout method successfully ended
[INFO ] 2019-10-30 08:17:44.868 [main] DriverScript - The Execution status of the Method logout in Scenario Login has become Pass
[INFO ] 2019-10-30 08:17:45.024 [main] DriverScript - The Method closeApplication execution has started in Scenario Login
[INFO ] 2019-10-30 08:17:45.361 [main] DriverScript - The Execution status of the Method closeApplication in Scenario Login has become pass
[ERROR] 2019-10-30 08:17:45.570 [main] DriverScript - there is an execption araised during the execution of the Method loadFiles , The Exception :java.lang.ClassNotFoundException: 
[INFO ] 2019-10-30 08:53:42.828 [main] DriverScript - execution of loadingfiles method started here..
[INFO ] 2019-10-30 08:53:42.845 [main] DriverScript - the execution of the method executeTestScripts strated here..
[INFO ] 2019-10-30 08:53:43.843 [main] DriverScript - The Scenario Login has started........
[INFO ] 2019-10-30 08:53:43.847 [main] DriverScript -  ChromeBrowser launched successfully
[INFO ] 2019-10-30 08:53:51.082 [main] DriverScript - The Method navigate execution has started in Scenario Login
[INFO ] 2019-10-30 08:53:51.082 [main] DriverScript - The excution of the navigate  method started here... 
[INFO ] 2019-10-30 08:54:08.548 [main] DriverScript - The excution of the navigate  method ended... 
[INFO ] 2019-10-30 08:54:08.549 [main] DriverScript - The Execution status of the Method navigate in Scenario Login has become pass
[INFO ] 2019-10-30 08:54:09.501 [main] DriverScript - The Method validateTitle execution has started in Scenario Login
[INFO ] 2019-10-30 08:54:09.578 [main] DriverScript - validateTitle method successfully ended
[INFO ] 2019-10-30 08:54:09.578 [main] DriverScript - The Execution status of the Method validateTitle in Scenario Login has become Pass
[INFO ] 2019-10-30 08:54:09.816 [main] DriverScript - The Method validateMyntraLogo execution has started in Scenario Login
[INFO ] 2019-10-30 08:54:10.226 [main] DriverScript - validateMyntraLogo method successfully ended
[INFO ] 2019-10-30 08:54:10.227 [main] DriverScript - The Execution status of the Method validateMyntraLogo in Scenario Login has become Pass
[INFO ] 2019-10-30 08:54:10.393 [main] DriverScript - The Method login execution has started in Scenario Login
[INFO ] 2019-10-30 08:54:10.393 [main] DriverScript - loginMethod started here.. 
[INFO ] 2019-10-30 08:54:10.599 [main] DriverScript - Element 'profile' is present
[INFO ] 2019-10-30 08:54:13.537 [main] DriverScript - Clicked on 'Login' button
[INFO ] 2019-10-30 08:54:13.584 [main] DriverScript - Element 'Email' is present
[INFO ] 2019-10-30 08:54:13.919 [main] DriverScript - Entered aravindcr11@gmail.com in ,Email,field 
[INFO ] 2019-10-30 08:54:13.962 [main] DriverScript - Element 'Password' is present
[INFO ] 2019-10-30 08:54:14.085 [main] DriverScript - Entered aravind in ,Password,field 
[INFO ] 2019-10-30 08:54:14.127 [main] DriverScript - Element 'Login' is present
[INFO ] 2019-10-30 08:54:14.292 [main] DriverScript - Clicked on 'Login' button
[INFO ] 2019-10-30 08:54:14.292 [main] DriverScript - loginMethod successfully ended 
[INFO ] 2019-10-30 08:54:14.292 [main] DriverScript - The Execution status of the Method login in Scenario Login has become Pass
[INFO ] 2019-10-30 08:54:14.541 [main] DriverScript - The Method verifyUser execution has started in Scenario Login
[INFO ] 2019-10-30 08:54:14.541 [main] DriverScript - VerifyUser method started here.. 
[INFO ] 2019-10-30 08:54:16.401 [main] DriverScript - Element 'profile' is present
[INFO ] 2019-10-30 08:54:16.582 [main] DriverScript - VerifyUser method successfully ended
[INFO ] 2019-10-30 08:54:16.582 [main] DriverScript - The Execution status of the Method verifyUser in Scenario Login has become Pass
[INFO ] 2019-10-30 08:54:16.810 [main] DriverScript - The Method logout execution has started in Scenario Login
[INFO ] 2019-10-30 08:54:16.810 [main] DriverScript - Execution Of the Logout method  started here..
[INFO ] 2019-10-30 08:54:23.776 [main] DriverScript - Execution Of the Logout method successfully ended
[INFO ] 2019-10-30 08:54:23.777 [main] DriverScript - The Execution status of the Method logout in Scenario Login has become Pass
[INFO ] 2019-10-30 08:54:23.899 [main] DriverScript - The Method closeApplication execution has started in Scenario Login
[INFO ] 2019-10-30 08:54:24.304 [main] DriverScript - The Execution status of the Method closeApplication in Scenario Login has become pass
[ERROR] 2019-10-30 08:54:24.443 [main] DriverScript - there is an execption araised during the execution of the Method loadFiles , The Exception :java.lang.ClassNotFoundException: 
[INFO ] 2019-10-30 18:24:03.185 [main] DriverScript - execution of loadingfiles method started here..
[INFO ] 2019-10-30 18:24:03.334 [main] DriverScript - the execution of the method executeTestScripts strated here..
[INFO ] 2019-10-30 18:24:04.953 [main] DriverScript - The Scenario Login has started........
[INFO ] 2019-10-30 18:24:04.956 [main] DriverScript -  ChromeBrowser launched successfully
[INFO ] 2019-10-30 18:24:20.761 [main] DriverScript - The Method navigate execution has started in Scenario Login
[INFO ] 2019-10-30 18:24:20.761 [main] DriverScript - The excution of the navigate  method started here... 
[INFO ] 2019-10-30 18:24:32.242 [main] DriverScript - The excution of the navigate  method ended... 
[INFO ] 2019-10-30 18:24:32.242 [main] DriverScript - The Execution status of the Method navigate in Scenario Login has become pass
[INFO ] 2019-10-30 18:24:32.921 [main] DriverScript - The Method validateTitle execution has started in Scenario Login
[INFO ] 2019-10-30 18:24:32.947 [main] DriverScript - validateTitle method successfully ended
[INFO ] 2019-10-30 18:24:32.947 [main] DriverScript - The Execution status of the Method validateTitle in Scenario Login has become Pass
[INFO ] 2019-10-30 18:24:33.385 [main] DriverScript - The Method validateMyntraLogo execution has started in Scenario Login
[INFO ] 2019-10-30 18:24:33.656 [main] DriverScript - validateMyntraLogo method successfully ended
[INFO ] 2019-10-30 18:24:33.656 [main] DriverScript - The Execution status of the Method validateMyntraLogo in Scenario Login has become Pass
[INFO ] 2019-10-30 18:24:34.036 [main] DriverScript - The Method login execution has started in Scenario Login
[INFO ] 2019-10-30 18:24:34.036 [main] DriverScript - loginMethod started here.. 
[INFO ] 2019-10-30 18:24:34.336 [main] DriverScript - Element 'profile' is present
[INFO ] 2019-10-30 18:24:40.437 [main] DriverScript - Clicked on 'Login' button
[INFO ] 2019-10-30 18:24:40.487 [main] DriverScript - Element 'Email' is present
[INFO ] 2019-10-30 18:24:41.016 [main] DriverScript - Entered chidanand5531@gmail.com in ,Email,field 
[INFO ] 2019-10-30 18:24:41.073 [main] DriverScript - Element 'Password' is present
[INFO ] 2019-10-30 18:24:41.220 [main] DriverScript - Entered chidanand in ,Password,field 
[INFO ] 2019-10-30 18:24:41.260 [main] DriverScript - Element 'Login' is present
[INFO ] 2019-10-30 18:24:41.438 [main] DriverScript - Clicked on 'Login' button
[INFO ] 2019-10-30 18:24:41.439 [main] DriverScript - loginMethod successfully ended 
[INFO ] 2019-10-30 18:24:41.439 [main] DriverScript - The Execution status of the Method login in Scenario Login has become Pass
[INFO ] 2019-10-30 18:24:41.655 [main] DriverScript - The Method verifyUser execution has started in Scenario Login
[INFO ] 2019-10-30 18:24:41.655 [main] DriverScript - VerifyUser method started here.. 
[INFO ] 2019-10-30 18:24:43.878 [main] DriverScript - Element 'profile' is present
[INFO ] 2019-10-30 18:24:46.350 [main] DriverScript - The Execution status of the Method verifyUser in Scenario Login has become Fail
[INFO ] 2019-10-30 18:24:46.513 [main] DriverScript - The Method logout execution has started in Scenario Login
[INFO ] 2019-10-30 18:24:46.514 [main] DriverScript - Execution Of the Logout method  started here..
[INFO ] 2019-10-30 18:24:53.946 [main] DriverScript - Execution Of the Logout method successfully ended
[INFO ] 2019-10-30 18:24:53.946 [main] DriverScript - The Execution status of the Method logout in Scenario Login has become Pass
[INFO ] 2019-10-30 18:24:54.241 [main] DriverScript - The Method closeApplication execution has started in Scenario Login
[INFO ] 2019-10-30 18:24:55.363 [main] DriverScript - The Execution status of the Method closeApplication in Scenario Login has become pass
[ERROR] 2019-10-30 18:24:55.498 [main] DriverScript - there is an execption araised during the execution of the Method loadFiles , The Exception :java.lang.ClassNotFoundException: 
[INFO ] 2019-10-30 18:25:29.562 [main] DriverScript - execution of loadingfiles method started here..
[INFO ] 2019-10-30 18:25:29.665 [main] DriverScript - the execution of the method executeTestScripts strated here..
[INFO ] 2019-10-30 18:25:32.000 [main] DriverScript - The Scenario Login has started........
[INFO ] 2019-10-30 18:25:32.030 [main] DriverScript -  ChromeBrowser launched successfully
[INFO ] 2019-10-30 18:25:41.261 [main] DriverScript - The Method navigate execution has started in Scenario Login
[INFO ] 2019-10-30 18:25:41.261 [main] DriverScript - The excution of the navigate  method started here... 
[INFO ] 2019-10-30 18:25:49.704 [main] DriverScript - The excution of the navigate  method ended... 
[INFO ] 2019-10-30 18:25:49.705 [main] DriverScript - The Execution status of the Method navigate in Scenario Login has become pass
[INFO ] 2019-10-30 18:25:50.264 [main] DriverScript - The Method validateTitle execution has started in Scenario Login
[INFO ] 2019-10-30 18:25:50.498 [main] DriverScript - validateTitle method successfully ended
[INFO ] 2019-10-30 18:25:50.498 [main] DriverScript - The Execution status of the Method validateTitle in Scenario Login has become Pass
[INFO ] 2019-10-30 18:25:50.757 [main] DriverScript - The Method validateMyntraLogo execution has started in Scenario Login
[INFO ] 2019-10-30 18:25:50.920 [main] DriverScript - validateMyntraLogo method successfully ended
[INFO ] 2019-10-30 18:25:50.921 [main] DriverScript - The Execution status of the Method validateMyntraLogo in Scenario Login has become Pass
[INFO ] 2019-10-30 18:25:51.188 [main] DriverScript - The Method login execution has started in Scenario Login
[INFO ] 2019-10-30 18:25:51.191 [main] DriverScript - loginMethod started here.. 
[INFO ] 2019-10-30 18:25:51.344 [main] DriverScript - Element 'profile' is present
[INFO ] 2019-10-30 18:25:53.722 [main] DriverScript - Clicked on 'Login' button
[INFO ] 2019-10-30 18:25:53.781 [main] DriverScript - Element 'Email' is present
[INFO ] 2019-10-30 18:25:54.021 [main] DriverScript - Entered chidanand5531@gmail.com in ,Email,field 
[INFO ] 2019-10-30 18:25:54.071 [main] DriverScript - Element 'Password' is present
[INFO ] 2019-10-30 18:25:54.210 [main] DriverScript - Entered chidanand in ,Password,field 
[INFO ] 2019-10-30 18:25:54.249 [main] DriverScript - Element 'Login' is present
[INFO ] 2019-10-30 18:25:54.439 [main] DriverScript - Clicked on 'Login' button
[INFO ] 2019-10-30 18:25:54.439 [main] DriverScript - loginMethod successfully ended 
[INFO ] 2019-10-30 18:25:54.439 [main] DriverScript - The Execution status of the Method login in Scenario Login has become Pass
[INFO ] 2019-10-30 18:25:54.660 [main] DriverScript - The Method verifyUser execution has started in Scenario Login
[INFO ] 2019-10-30 18:25:54.660 [main] DriverScript - VerifyUser method started here.. 
[INFO ] 2019-10-30 18:25:56.841 [main] DriverScript - Element 'profile' is present
[INFO ] 2019-10-30 18:25:58.643 [main] DriverScript - The Execution status of the Method verifyUser in Scenario Login has become Fail
[INFO ] 2019-10-30 18:25:58.912 [main] DriverScript - The Method logout execution has started in Scenario Login
[INFO ] 2019-10-30 18:25:58.912 [main] DriverScript - Execution Of the Logout method  started here..
[INFO ] 2019-10-30 18:26:06.865 [main] DriverScript - Execution Of the Logout method successfully ended
[INFO ] 2019-10-30 18:26:06.865 [main] DriverScript - The Execution status of the Method logout in Scenario Login has become Pass
[INFO ] 2019-10-30 18:26:06.991 [main] DriverScript - The Method closeApplication execution has started in Scenario Login
[INFO ] 2019-10-30 18:26:07.290 [main] DriverScript - The Execution status of the Method closeApplication in Scenario Login has become pass
[ERROR] 2019-10-30 18:26:07.467 [main] DriverScript - there is an execption araised during the execution of the Method loadFiles , The Exception :java.lang.ClassNotFoundException: 
[INFO ] 2019-10-30 18:31:22.908 [main] DriverScript - execution of loadingfiles method started here..
[INFO ] 2019-10-30 18:31:22.949 [main] DriverScript - the execution of the method executeTestScripts strated here..
[INFO ] 2019-10-30 18:31:25.464 [main] DriverScript - The Scenario Login has started........
[INFO ] 2019-10-30 18:31:25.497 [main] DriverScript -  ChromeBrowser launched successfully
[INFO ] 2019-10-30 18:31:34.669 [main] DriverScript - The Method navigate execution has started in Scenario Login
[INFO ] 2019-10-30 18:31:34.670 [main] DriverScript - The excution of the navigate  method started here... 
[INFO ] 2019-10-30 18:31:51.562 [main] DriverScript - The excution of the navigate  method ended... 
[INFO ] 2019-10-30 18:31:51.562 [main] DriverScript - The Execution status of the Method navigate in Scenario Login has become pass
[INFO ] 2019-10-30 18:31:52.209 [main] DriverScript - The Method validateTitle execution has started in Scenario Login
[INFO ] 2019-10-30 18:31:52.225 [main] DriverScript - validateTitle method successfully ended
[INFO ] 2019-10-30 18:31:52.225 [main] DriverScript - The Execution status of the Method validateTitle in Scenario Login has become Pass
[INFO ] 2019-10-30 18:31:52.482 [main] DriverScript - The Method validateMyntraLogo execution has started in Scenario Login
[INFO ] 2019-10-30 18:31:52.978 [main] DriverScript - validateMyntraLogo method successfully ended
[INFO ] 2019-10-30 18:31:52.978 [main] DriverScript - The Execution status of the Method validateMyntraLogo in Scenario Login has become Pass
[INFO ] 2019-10-30 18:31:53.137 [main] DriverScript - The Method login execution has started in Scenario Login
[INFO ] 2019-10-30 18:31:53.138 [main] DriverScript - loginMethod started here.. 
[INFO ] 2019-10-30 18:31:53.258 [main] DriverScript - Element 'profile' is present
[INFO ] 2019-10-30 18:31:56.496 [main] DriverScript - Clicked on 'Login' button
[INFO ] 2019-10-30 18:31:56.560 [main] DriverScript - Element 'Email' is present
[INFO ] 2019-10-30 18:31:56.813 [main] DriverScript - Entered chidanand5531@gmail.com in ,Email,field 
[INFO ] 2019-10-30 18:31:56.861 [main] DriverScript - Element 'Password' is present
[INFO ] 2019-10-30 18:31:57.008 [main] DriverScript - Entered chidanand in ,Password,field 
[INFO ] 2019-10-30 18:31:57.046 [main] DriverScript - Element 'Login' is present
[INFO ] 2019-10-30 18:31:57.209 [main] DriverScript - Clicked on 'Login' button
[INFO ] 2019-10-30 18:31:57.209 [main] DriverScript - loginMethod successfully ended 
[INFO ] 2019-10-30 18:31:57.210 [main] DriverScript - The Execution status of the Method login in Scenario Login has become Pass
[INFO ] 2019-10-30 18:31:57.396 [main] DriverScript - The Method verifyUser execution has started in Scenario Login
[INFO ] 2019-10-30 18:31:57.396 [main] DriverScript - VerifyUser method started here.. 
[INFO ] 2019-10-30 18:31:59.020 [main] DriverScript - Element 'profile' is present
[INFO ] 2019-10-30 18:32:00.516 [main] DriverScript - The Execution status of the Method verifyUser in Scenario Login has become Fail
[INFO ] 2019-10-30 18:32:00.729 [main] DriverScript - The Method logout execution has started in Scenario Login
[INFO ] 2019-10-30 18:32:00.729 [main] DriverScript - Execution Of the Logout method  started here..
[INFO ] 2019-10-30 18:32:08.404 [main] DriverScript - Execution Of the Logout method successfully ended
[INFO ] 2019-10-30 18:32:08.404 [main] DriverScript - The Execution status of the Method logout in Scenario Login has become Pass
[INFO ] 2019-10-30 18:32:08.539 [main] DriverScript - The Method closeApplication execution has started in Scenario Login
[INFO ] 2019-10-30 18:32:08.945 [main] DriverScript - The Execution status of the Method closeApplication in Scenario Login has become pass
[ERROR] 2019-10-30 18:32:09.112 [main] DriverScript - there is an execption araised during the execution of the Method loadFiles , The Exception :java.lang.ClassNotFoundException: 
[INFO ] 2019-10-30 18:32:30.635 [main] DriverScript - execution of loadingfiles method started here..
[INFO ] 2019-10-30 18:38:04.585 [main] DriverScript - execution of loadingfiles method started here..
[INFO ] 2019-10-30 18:38:04.590 [main] DriverScript - execution of configuration loadingfiles method ended 
[INFO ] 2019-10-30 18:38:04.591 [main] DriverScript - execution of ObjectMapFile loadingfiles method started here..
[INFO ] 2019-10-30 18:38:04.593 [main] DriverScript - execution of ObjectMapFile loadingfiles method ended  
[INFO ] 2019-10-30 18:38:04.612 [main] DriverScript - the execution of the method executeTestScripts strated here..
[INFO ] 2019-10-30 18:38:07.259 [main] DriverScript - The Scenario Login has started........
[INFO ] 2019-10-30 18:38:07.262 [main] DriverScript -  ChromeBrowser launched successfully
[INFO ] 2019-10-30 18:38:17.392 [main] DriverScript - The Method navigate execution has started in Scenario Login
[INFO ] 2019-10-30 18:38:17.393 [main] DriverScript - The excution of the navigate  method started here... 
[INFO ] 2019-10-30 18:38:26.176 [main] DriverScript - The excution of the navigate  method ended... 
[INFO ] 2019-10-30 18:38:26.177 [main] DriverScript - The Execution status of the Method navigate in Scenario Login has become pass
[INFO ] 2019-10-30 18:38:26.682 [main] DriverScript - The Method validateTitle execution has started in Scenario Login
[INFO ] 2019-10-30 18:38:27.335 [main] DriverScript - validateTitle method successfully ended
[INFO ] 2019-10-30 18:38:27.335 [main] DriverScript - The Execution status of the Method validateTitle in Scenario Login has become Pass
[INFO ] 2019-10-30 18:38:27.663 [main] DriverScript - The Method validateMyntraLogo execution has started in Scenario Login
[INFO ] 2019-10-30 18:38:27.945 [main] DriverScript - validateMyntraLogo method successfully ended
[INFO ] 2019-10-30 18:38:27.946 [main] DriverScript - The Execution status of the Method validateMyntraLogo in Scenario Login has become Pass
[INFO ] 2019-10-30 18:38:28.106 [main] DriverScript - The Method login execution has started in Scenario Login
[INFO ] 2019-10-30 18:38:28.106 [main] DriverScript - loginMethod started here.. 
[INFO ] 2019-10-30 18:38:28.228 [main] DriverScript - Element 'profile' is present
[INFO ] 2019-10-30 18:38:31.206 [main] DriverScript - Clicked on 'Login' button
[INFO ] 2019-10-30 18:38:31.261 [main] DriverScript - Element 'Email' is present
[INFO ] 2019-10-30 18:38:31.541 [main] DriverScript - Entered chidanand5531@gmail.com in ,Email,field 
[INFO ] 2019-10-30 18:38:31.590 [main] DriverScript - Element 'Password' is present
[INFO ] 2019-10-30 18:38:31.728 [main] DriverScript - Entered chidanand in ,Password,field 
[INFO ] 2019-10-30 18:38:31.767 [main] DriverScript - Element 'Login' is present
[INFO ] 2019-10-30 18:38:31.935 [main] DriverScript - Clicked on 'Login' button
[INFO ] 2019-10-30 18:38:31.936 [main] DriverScript - loginMethod successfully ended 
[INFO ] 2019-10-30 18:38:31.936 [main] DriverScript - The Execution status of the Method login in Scenario Login has become Pass
[INFO ] 2019-10-30 18:38:32.165 [main] DriverScript - The Method verifyUser execution has started in Scenario Login
[INFO ] 2019-10-30 18:38:32.165 [main] DriverScript - VerifyUser method started here.. 
[INFO ] 2019-10-30 18:38:34.770 [main] DriverScript - Element 'profile' is present
[INFO ] 2019-10-30 18:38:35.778 [main] DriverScript - The Execution status of the Method verifyUser in Scenario Login has become Fail
[INFO ] 2019-10-30 18:38:35.960 [main] DriverScript - The Method logout execution has started in Scenario Login
[INFO ] 2019-10-30 18:38:35.960 [main] DriverScript - Execution Of the Logout method  started here..
[INFO ] 2019-10-30 18:38:43.097 [main] DriverScript - Execution Of the Logout method successfully ended
[INFO ] 2019-10-30 18:38:43.097 [main] DriverScript - The Execution status of the Method logout in Scenario Login has become Pass
[INFO ] 2019-10-30 18:38:43.327 [main] DriverScript - The Method closeApplication execution has started in Scenario Login
[INFO ] 2019-10-30 18:38:47.510 [main] DriverScript - The Execution status of the Method closeApplication in Scenario Login has become pass
[ERROR] 2019-10-30 18:38:47.666 [main] DriverScript - there is an execption araised during the execution of the Method loadFiles , The Exception :java.lang.ClassNotFoundException: 
[INFO ] 2019-10-30 18:42:28.927 [main] DriverScript - execution of loadingfiles method started here..
[INFO ] 2019-10-30 18:42:28.933 [main] DriverScript - execution of configuration loadingfiles method ended 
[INFO ] 2019-10-30 18:42:28.934 [main] DriverScript - execution of ObjectMapFile loadingfiles method started here..
[INFO ] 2019-10-30 18:42:28.937 [main] DriverScript - execution of ObjectMapFile loadingfiles method ended  
[INFO ] 2019-10-30 18:42:28.941 [main] DriverScript - execution of datatable loadingfiles method ended  
[INFO ] 2019-10-30 18:42:28.953 [main] DriverScript - the execution of the method executeTestScripts strated here..
[INFO ] 2019-10-30 18:42:30.022 [main] DriverScript - The Scenario Login has started........
[INFO ] 2019-10-30 18:42:30.025 [main] DriverScript -  ChromeBrowser launched successfully
[INFO ] 2019-10-30 18:42:38.266 [main] DriverScript - The Method navigate execution has started in Scenario Login
[INFO ] 2019-10-30 18:42:38.267 [main] DriverScript - The excution of the navigate  method started here... 
[INFO ] 2019-10-30 18:42:47.762 [main] DriverScript - The excution of the navigate  method ended... 
[INFO ] 2019-10-30 18:42:47.762 [main] DriverScript - The Execution status of the Method navigate in Scenario Login has become pass
[INFO ] 2019-10-30 18:42:48.269 [main] DriverScript - The Method validateTitle execution has started in Scenario Login
[INFO ] 2019-10-30 18:42:48.505 [main] DriverScript - validateTitle method successfully ended
[INFO ] 2019-10-30 18:42:48.505 [main] DriverScript - The Execution status of the Method validateTitle in Scenario Login has become Pass
[INFO ] 2019-10-30 18:42:48.826 [main] DriverScript - The Method validateMyntraLogo execution has started in Scenario Login
[INFO ] 2019-10-30 18:42:48.995 [main] DriverScript - validateMyntraLogo method successfully ended
[INFO ] 2019-10-30 18:42:48.995 [main] DriverScript - The Execution status of the Method validateMyntraLogo in Scenario Login has become Pass
[INFO ] 2019-10-30 18:42:49.199 [main] DriverScript - The Method login execution has started in Scenario Login
[INFO ] 2019-10-30 18:42:49.199 [main] DriverScript - loginMethod started here.. 
[INFO ] 2019-10-30 18:42:49.375 [main] DriverScript - Element 'profile' is present
[INFO ] 2019-10-30 18:42:54.731 [main] DriverScript - Clicked on 'Login' button
[INFO ] 2019-10-30 18:42:54.778 [main] DriverScript - Element 'Email' is present
[INFO ] 2019-10-30 18:42:55.189 [main] DriverScript - Entered chidanand5531@gmail.com in ,Email,field 
[INFO ] 2019-10-30 18:42:55.235 [main] DriverScript - Element 'Password' is present
[INFO ] 2019-10-30 18:42:55.393 [main] DriverScript - Entered chidanand in ,Password,field 
[INFO ] 2019-10-30 18:42:55.440 [main] DriverScript - Element 'Login' is present
[INFO ] 2019-10-30 18:42:55.626 [main] DriverScript - Clicked on 'Login' button
[INFO ] 2019-10-30 18:42:55.626 [main] DriverScript - loginMethod successfully ended 
[INFO ] 2019-10-30 18:42:55.626 [main] DriverScript - The Execution status of the Method login in Scenario Login has become Pass
[INFO ] 2019-10-30 18:42:55.844 [main] DriverScript - The Method verifyUser execution has started in Scenario Login
[INFO ] 2019-10-30 18:42:55.845 [main] DriverScript - VerifyUser method started here.. 
[INFO ] 2019-10-30 18:42:57.809 [main] DriverScript - Element 'profile' is present
[INFO ] 2019-10-30 18:43:00.321 [main] DriverScript - The Execution status of the Method verifyUser in Scenario Login has become Fail
[INFO ] 2019-10-30 18:43:00.509 [main] DriverScript - The Method logout execution has started in Scenario Login
[INFO ] 2019-10-30 18:43:00.509 [main] DriverScript - Execution Of the Logout method  started here..
[INFO ] 2019-10-30 18:43:07.485 [main] DriverScript - Execution Of the Logout method successfully ended
[INFO ] 2019-10-30 18:43:07.485 [main] DriverScript - The Execution status of the Method logout in Scenario Login has become Pass
[INFO ] 2019-10-30 18:43:07.679 [main] DriverScript - The Method closeApplication execution has started in Scenario Login
[INFO ] 2019-10-30 18:43:08.038 [main] DriverScript - The Execution status of the Method closeApplication in Scenario Login has become pass
[ERROR] 2019-10-30 18:43:08.196 [main] DriverScript - there is an execption araised during the execution of the Method loadFiles , The Exception :java.lang.ClassNotFoundException: 
[INFO ] 2019-10-30 23:42:01.679 [main] DriverScript - execution of loadingfiles method started here..
[INFO ] 2019-10-30 23:42:01.731 [main] DriverScript - the execution of the method executeTestScripts strated here..
[INFO ] 2019-10-30 23:42:02.798 [main] DriverScript - The Scenario Login has started........
[INFO ] 2019-10-30 23:42:02.801 [main] DriverScript -  ChromeBrowser launched successfully
[INFO ] 2019-10-30 23:42:19.132 [main] DriverScript - The Method navigate execution has started in Scenario Login
[INFO ] 2019-10-30 23:42:19.133 [main] DriverScript - The excution of the navigate  method started here... 
[INFO ] 2019-10-30 23:42:46.071 [main] DriverScript - The excution of the navigate  method ended... 
[INFO ] 2019-10-30 23:42:46.072 [main] DriverScript - The Execution status of the Method navigate in Scenario Login has become pass
[INFO ] 2019-10-30 23:42:46.533 [main] DriverScript - The Method validateTitle execution has started in Scenario Login
[INFO ] 2019-10-30 23:42:46.553 [main] DriverScript - validateTitle method successfully ended
[INFO ] 2019-10-30 23:42:46.553 [main] DriverScript - The Execution status of the Method validateTitle in Scenario Login has become Pass
[INFO ] 2019-10-30 23:42:46.846 [main] DriverScript - The Method validateMyntraLogo execution has started in Scenario Login
[INFO ] 2019-10-30 23:42:48.809 [main] DriverScript - validateMyntraLogo method successfully ended
[INFO ] 2019-10-30 23:42:48.809 [main] DriverScript - The Execution status of the Method validateMyntraLogo in Scenario Login has become Pass
[INFO ] 2019-10-30 23:42:49.044 [main] DriverScript - The Method login execution has started in Scenario Login
[INFO ] 2019-10-30 23:42:49.045 [main] DriverScript - loginMethod started here.. 
[INFO ] 2019-10-30 23:42:49.190 [main] DriverScript - Element 'profile' is present
[INFO ] 2019-10-30 23:42:54.368 [main] DriverScript - Clicked on 'Login' button
[INFO ] 2019-10-30 23:42:54.416 [main] DriverScript - Element 'Email' is present
[INFO ] 2019-10-30 23:42:54.956 [main] DriverScript - Entered aravidcr11@gmail.com in ,Email,field 
[INFO ] 2019-10-30 23:42:55.006 [main] DriverScript - Element 'Password' is present
[INFO ] 2019-10-30 23:42:55.142 [main] DriverScript - Entered aravind in ,Password,field 
[INFO ] 2019-10-30 23:42:55.182 [main] DriverScript - Element 'Login' is present
[INFO ] 2019-10-30 23:42:55.356 [main] DriverScript - Clicked on 'Login' button
[INFO ] 2019-10-30 23:42:55.357 [main] DriverScript - loginMethod successfully ended 
[INFO ] 2019-10-30 23:42:55.357 [main] DriverScript - The Execution status of the Method login in Scenario Login has become Pass
[INFO ] 2019-10-30 23:42:55.640 [main] DriverScript - The Method verifyUser execution has started in Scenario Login
[INFO ] 2019-10-30 23:42:55.640 [main] DriverScript - VerifyUser method started here.. 
[INFO ] 2019-10-30 23:42:56.695 [main] DriverScript - Element 'profile' is present
[INFO ] 2019-10-30 23:42:58.759 [main] DriverScript - The Execution status of the Method verifyUser in Scenario Login has become Fail
[INFO ] 2019-10-30 23:42:58.949 [main] DriverScript - The Method logout execution has started in Scenario Login
[INFO ] 2019-10-30 23:42:58.950 [main] DriverScript - Execution Of the Logout method  started here..
[ERROR] 2019-10-30 23:43:06.174 [main] DriverScript - there is an exception arised during execution of Logout method :org.openqa.selenium.NoSuchElementException: no such element: Unable to locate element: {"method":"xpath","selector":"//div[text()=' Logout ']"}
  (Session info: chrome=78.0.3904.70)
For documentation on this error, please visit: https://www.seleniumhq.org/exceptions/no_such_element.html
Build info: version: '4.0.0-alpha-1', revision: 'd1d3728cae', time: '2019-04-24T13:42:21'
System info: host: 'DESKTOP-A5GCHAB', ip: '192.168.1.2', os.name: 'Windows 10', os.arch: 'amd64', os.version: '10.0', java.version: '1.8.0_201'
Driver info: org.openqa.selenium.chrome.ChromeDriver
Capabilities {acceptInsecureCerts: false, browserName: chrome, browserVersion: 78.0.3904.70, chrome: {chromedriverVersion: 77.0.3865.40 (f484704e052e0..., userDataDir: C:\Users\Siddu\AppData\Loca...}, goog:chromeOptions: {debuggerAddress: localhost:62399}, javascriptEnabled: true, networkConnectionEnabled: false, pageLoadStrategy: normal, platform: XP, platformName: XP, proxy: Proxy(), setWindowRect: true, strictFileInteractability: false, timeouts: {implicit: 0, pageLoad: 300000, script: 30000}, unhandledPromptBehavior: dismiss and notify}
Session ID: ee852a808e5ee39d6530cf4709aefe25
*** Element info: {Using=xpath, value=//div[text()=' Logout ']}
[INFO ] 2019-10-30 23:43:06.941 [main] DriverScript - The Execution status of the Method logout in Scenario Login has become Fail
[INFO ] 2019-10-30 23:43:07.118 [main] DriverScript - The Method closeApplication execution has started in Scenario Login
[INFO ] 2019-10-30 23:43:08.125 [main] DriverScript - The Execution status of the Method closeApplication in Scenario Login has become pass
[ERROR] 2019-10-30 23:43:08.293 [main] DriverScript - there is an execption araised during the execution of the Method loadFiles , The Exception :java.lang.ClassNotFoundException: 
[INFO ] 2019-10-30 23:50:56.676 [main] DriverScript - execution of loadingfiles method started here..
[INFO ] 2019-10-30 23:50:56.698 [main] DriverScript - the execution of the method executeTestScripts strated here..
[INFO ] 2019-10-30 23:50:57.696 [main] DriverScript - The Scenario Login has started........
[INFO ] 2019-10-30 23:50:57.699 [main] DriverScript -  ChromeBrowser launched successfully
[INFO ] 2019-10-30 23:51:06.146 [main] DriverScript - The Method navigate execution has started in Scenario Login
[INFO ] 2019-10-30 23:51:06.146 [main] DriverScript - The excution of the navigate  method started here... 
[INFO ] 2019-10-30 23:51:21.559 [main] DriverScript - The excution of the navigate  method ended... 
[INFO ] 2019-10-30 23:51:21.560 [main] DriverScript - The Execution status of the Method navigate in Scenario Login has become pass
[INFO ] 2019-10-30 23:51:21.925 [main] DriverScript - The Method validateTitle execution has started in Scenario Login
[INFO ] 2019-10-30 23:51:21.976 [main] DriverScript - validateTitle method successfully ended
[INFO ] 2019-10-30 23:51:21.976 [main] DriverScript - The Execution status of the Method validateTitle in Scenario Login has become Pass
[INFO ] 2019-10-30 23:51:22.218 [main] DriverScript - The Method validateMyntraLogo execution has started in Scenario Login
[INFO ] 2019-10-30 23:51:22.339 [main] DriverScript - validateMyntraLogo method successfully ended
[INFO ] 2019-10-30 23:51:22.340 [main] DriverScript - The Execution status of the Method validateMyntraLogo in Scenario Login has become Pass
[INFO ] 2019-10-30 23:51:22.578 [main] DriverScript - The Method login execution has started in Scenario Login
[INFO ] 2019-10-30 23:51:22.578 [main] DriverScript - loginMethod started here.. 
[INFO ] 2019-10-30 23:51:22.762 [main] DriverScript - Element 'profile' is present
[INFO ] 2019-10-30 23:51:26.446 [main] DriverScript - Clicked on 'Login' button
[INFO ] 2019-10-30 23:51:26.510 [main] DriverScript - Element 'Email' is present
[INFO ] 2019-10-30 23:51:26.770 [main] DriverScript - Entered aravidcr11@gmail.com in ,Email,field 
[INFO ] 2019-10-30 23:51:26.833 [main] DriverScript - Element 'Password' is present
[INFO ] 2019-10-30 23:51:26.972 [main] DriverScript - Entered aravind in ,Password,field 
[INFO ] 2019-10-30 23:51:27.012 [main] DriverScript - Element 'Login' is present
[INFO ] 2019-10-30 23:51:27.168 [main] DriverScript - Clicked on 'Login' button
[INFO ] 2019-10-30 23:51:27.169 [main] DriverScript - loginMethod successfully ended 
[INFO ] 2019-10-30 23:51:27.169 [main] DriverScript - The Execution status of the Method login in Scenario Login has become Pass
[INFO ] 2019-10-30 23:51:27.407 [main] DriverScript - The Method verifyUser execution has started in Scenario Login
[INFO ] 2019-10-30 23:51:27.407 [main] DriverScript - VerifyUser method started here.. 
[INFO ] 2019-10-30 23:51:28.442 [main] DriverScript - Element 'profile' is present
[INFO ] 2019-10-30 23:51:29.486 [main] DriverScript - The Execution status of the Method verifyUser in Scenario Login has become Fail
[INFO ] 2019-10-30 23:51:29.686 [main] DriverScript - The Method logout execution has started in Scenario Login
[INFO ] 2019-10-30 23:51:29.687 [main] DriverScript - Execution Of the Logout method  started here..
[ERROR] 2019-10-30 23:51:36.301 [main] DriverScript - there is an exception arised during execution of Logout method :org.openqa.selenium.NoSuchElementException: no such element: Unable to locate element: {"method":"xpath","selector":"//div[text()=' Logout ']"}
  (Session info: chrome=78.0.3904.70)
For documentation on this error, please visit: https://www.seleniumhq.org/exceptions/no_such_element.html
Build info: version: '4.0.0-alpha-1', revision: 'd1d3728cae', time: '2019-04-24T13:42:21'
System info: host: 'DESKTOP-A5GCHAB', ip: '192.168.1.2', os.name: 'Windows 10', os.arch: 'amd64', os.version: '10.0', java.version: '1.8.0_201'
Driver info: org.openqa.selenium.chrome.ChromeDriver
Capabilities {acceptInsecureCerts: false, browserName: chrome, browserVersion: 78.0.3904.70, chrome: {chromedriverVersion: 77.0.3865.40 (f484704e052e0..., userDataDir: C:\Users\Siddu\AppData\Loca...}, goog:chromeOptions: {debuggerAddress: localhost:62511}, javascriptEnabled: true, networkConnectionEnabled: false, pageLoadStrategy: normal, platform: XP, platformName: XP, proxy: Proxy(), setWindowRect: true, strictFileInteractability: false, timeouts: {implicit: 0, pageLoad: 300000, script: 30000}, unhandledPromptBehavior: dismiss and notify}
Session ID: 1642dcf885075ff136a79882f248c009
*** Element info: {Using=xpath, value=//div[text()=' Logout ']}
[INFO ] 2019-10-30 23:51:36.739 [main] DriverScript - The Execution status of the Method logout in Scenario Login has become Fail
[INFO ] 2019-10-30 23:51:36.897 [main] DriverScript - The Method closeApplication execution has started in Scenario Login
[INFO ] 2019-10-30 23:51:37.226 [main] DriverScript - The Execution status of the Method closeApplication in Scenario Login has become pass
[ERROR] 2019-10-30 23:51:37.422 [main] DriverScript - there is an execption araised during the execution of the Method executeTestScripts , The Exception :java.lang.ClassNotFoundException: 
[INFO ] 2019-10-30 23:52:58.860 [main] DriverScript - execution of loadingfiles method started here..
[INFO ] 2019-10-30 23:52:58.888 [main] DriverScript - the execution of the method executeTestScripts strated here..
[INFO ] 2019-10-30 23:52:59.881 [main] DriverScript - The Scenario Login has started........
[INFO ] 2019-10-30 23:52:59.884 [main] DriverScript -  ChromeBrowser launched successfully
[INFO ] 2019-10-30 23:53:09.135 [main] DriverScript - The Method navigate execution has started in Scenario Login
[INFO ] 2019-10-30 23:53:09.135 [main] DriverScript - The excution of the navigate  method started here... 
[INFO ] 2019-10-30 23:53:19.210 [main] DriverScript - The excution of the navigate  method ended... 
[INFO ] 2019-10-30 23:53:19.210 [main] DriverScript - The Execution status of the Method navigate in Scenario Login has become pass
[INFO ] 2019-10-30 23:53:19.613 [main] DriverScript - The Method validateTitle execution has started in Scenario Login
[INFO ] 2019-10-30 23:53:19.627 [main] DriverScript - validateTitle method successfully ended
[INFO ] 2019-10-30 23:53:19.627 [main] DriverScript - The Execution status of the Method validateTitle in Scenario Login has become Pass
[INFO ] 2019-10-30 23:53:19.893 [main] DriverScript - The Method validateMyntraLogo execution has started in Scenario Login
[INFO ] 2019-10-30 23:53:20.334 [main] DriverScript - validateMyntraLogo method successfully ended
[INFO ] 2019-10-30 23:53:20.335 [main] DriverScript - The Execution status of the Method validateMyntraLogo in Scenario Login has become Pass
[INFO ] 2019-10-30 23:53:20.608 [main] DriverScript - The Method login execution has started in Scenario Login
[INFO ] 2019-10-30 23:53:20.608 [main] DriverScript - loginMethod started here.. 
[INFO ] 2019-10-30 23:53:20.815 [main] DriverScript - Element 'profile' is present
[INFO ] 2019-10-30 23:53:38.386 [main] DriverScript - Clicked on 'Login' button
[INFO ] 2019-10-30 23:53:38.481 [main] DriverScript - Element 'Email' is present
[INFO ] 2019-10-30 23:53:38.823 [main] DriverScript - Entered chidanand5531@gmail.com in ,Email,field 
[INFO ] 2019-10-30 23:53:38.894 [main] DriverScript - Element 'Password' is present
[INFO ] 2019-10-30 23:53:39.039 [main] DriverScript - Entered chidanand in ,Password,field 
[INFO ] 2019-10-30 23:53:39.078 [main] DriverScript - Element 'Login' is present
[INFO ] 2019-10-30 23:53:39.251 [main] DriverScript - Clicked on 'Login' button
[INFO ] 2019-10-30 23:53:39.251 [main] DriverScript - loginMethod successfully ended 
[INFO ] 2019-10-30 23:53:39.251 [main] DriverScript - The Execution status of the Method login in Scenario Login has become Pass
[INFO ] 2019-10-30 23:53:39.583 [main] DriverScript - The Method verifyUser execution has started in Scenario Login
[INFO ] 2019-10-30 23:53:39.583 [main] DriverScript - VerifyUser method started here.. 
[INFO ] 2019-10-30 23:53:40.890 [main] DriverScript - Element 'profile' is present
[INFO ] 2019-10-30 23:53:42.158 [main] DriverScript - The Execution status of the Method verifyUser in Scenario Login has become Fail
[INFO ] 2019-10-30 23:53:42.329 [main] DriverScript - The Method logout execution has started in Scenario Login
[INFO ] 2019-10-30 23:53:42.329 [main] DriverScript - Execution Of the Logout method  started here..
[INFO ] 2019-10-30 23:53:49.226 [main] DriverScript - Execution Of the Logout method successfully ended
[INFO ] 2019-10-30 23:53:49.226 [main] DriverScript - The Execution status of the Method logout in Scenario Login has become Pass
[INFO ] 2019-10-30 23:53:49.505 [main] DriverScript - The Method closeApplication execution has started in Scenario Login
[INFO ] 2019-10-30 23:53:50.014 [main] DriverScript - The Execution status of the Method closeApplication in Scenario Login has become pass
[ERROR] 2019-10-30 23:53:50.211 [main] DriverScript - there is an execption araised during the execution of the Method executeTestScripts , The Exception :java.lang.ClassNotFoundException: 
[INFO ] 2019-10-31 00:01:47.507 [main] DriverScript - execution of loadingfiles method started here..
[INFO ] 2019-10-31 00:01:47.529 [main] DriverScript - the execution of the method executeTestScripts strated here..
[INFO ] 2019-10-31 00:01:48.523 [main] DriverScript - The Scenario Login has started........
[INFO ] 2019-10-31 00:01:48.527 [main] DriverScript -  ChromeBrowser launched successfully
[INFO ] 2019-10-31 00:01:57.297 [main] DriverScript - The Method navigate execution has started in Scenario Login
[INFO ] 2019-10-31 00:01:57.297 [main] DriverScript - The excution of the navigate  method started here... 
[INFO ] 2019-10-31 00:02:12.641 [main] DriverScript - The excution of the navigate  method ended... 
[INFO ] 2019-10-31 00:02:12.641 [main] DriverScript - The Execution status of the Method navigate in Scenario Login has become pass
[INFO ] 2019-10-31 00:02:13.059 [main] DriverScript - The Method validateTitle execution has started in Scenario Login
[INFO ] 2019-10-31 00:02:13.073 [main] DriverScript - validateTitle method successfully ended
[INFO ] 2019-10-31 00:02:13.073 [main] DriverScript - The Execution status of the Method validateTitle in Scenario Login has become Pass
[INFO ] 2019-10-31 00:02:13.285 [main] DriverScript - The Method validateMyntraLogo execution has started in Scenario Login
[INFO ] 2019-10-31 00:02:14.123 [main] DriverScript - validateMyntraLogo method successfully ended
[INFO ] 2019-10-31 00:02:14.123 [main] DriverScript - The Execution status of the Method validateMyntraLogo in Scenario Login has become Pass
[INFO ] 2019-10-31 00:02:14.299 [main] DriverScript - The Method login execution has started in Scenario Login
[INFO ] 2019-10-31 00:02:14.300 [main] DriverScript - loginMethod started here.. 
[INFO ] 2019-10-31 00:02:14.442 [main] DriverScript - Element 'profile' is present
[INFO ] 2019-10-31 00:02:17.355 [main] DriverScript - Clicked on 'Login' button
[INFO ] 2019-10-31 00:02:17.425 [main] DriverScript - Element 'Email' is present
[INFO ] 2019-10-31 00:02:17.699 [main] DriverScript - Entered chidanand5531@gmail.com in ,Email,field 
[INFO ] 2019-10-31 00:02:17.747 [main] DriverScript - Element 'Password' is present
[INFO ] 2019-10-31 00:02:17.998 [main] DriverScript - Entered chidanand in ,Password,field 
[INFO ] 2019-10-31 00:02:18.043 [main] DriverScript - Element 'Login' is present
[INFO ] 2019-10-31 00:02:18.227 [main] DriverScript - Clicked on 'Login' button
[INFO ] 2019-10-31 00:02:18.228 [main] DriverScript - loginMethod successfully ended 
[INFO ] 2019-10-31 00:02:18.228 [main] DriverScript - The Execution status of the Method login in Scenario Login has become Pass
[INFO ] 2019-10-31 00:02:18.497 [main] DriverScript - The Method verifyUser execution has started in Scenario Login
[INFO ] 2019-10-31 00:02:18.497 [main] DriverScript - VerifyUser method started here.. 
[INFO ] 2019-10-31 00:02:20.133 [main] DriverScript - Element 'profile' is present
[INFO ] 2019-10-31 00:02:21.933 [main] DriverScript - The Execution status of the Method verifyUser in Scenario Login has become Fail
[INFO ] 2019-10-31 00:02:22.078 [main] DriverScript - The Method logout execution has started in Scenario Login
[INFO ] 2019-10-31 00:02:22.079 [main] DriverScript - Execution Of the Logout method  started here..
[INFO ] 2019-10-31 00:02:30.376 [main] DriverScript - Execution Of the Logout method successfully ended
[INFO ] 2019-10-31 00:02:30.377 [main] DriverScript - The Execution status of the Method logout in Scenario Login has become Pass
[INFO ] 2019-10-31 00:02:30.622 [main] DriverScript - The Method closeApplication execution has started in Scenario Login
[INFO ] 2019-10-31 00:02:34.979 [main] DriverScript - The Execution status of the Method closeApplication in Scenario Login has become pass
[ERROR] 2019-10-31 00:02:35.191 [main] DriverScript - there is an execption araised during the execution of the Method executeTestScripts , The Exception :java.lang.ClassNotFoundException: 
[INFO ] 2019-10-31 01:50:18.811 [main] DriverScript - execution of loadingfiles method started here..
[INFO ] 2019-10-31 01:50:18.862 [main] DriverScript - the execution of the method executeTestScripts strated here..
[INFO ] 2019-10-31 01:50:19.893 [main] DriverScript - The Scenario Login has started........
[INFO ] 2019-10-31 01:50:19.896 [main] DriverScript -  ChromeBrowser launched successfully
[INFO ] 2019-10-31 01:50:35.783 [main] DriverScript - The Method navigate execution has started in Scenario Login
[INFO ] 2019-10-31 01:50:35.784 [main] DriverScript - The excution of the navigate  method started here... 
[INFO ] 2019-10-31 01:50:58.398 [main] DriverScript - The excution of the navigate  method ended... 
[INFO ] 2019-10-31 01:50:58.398 [main] DriverScript - The Execution status of the Method navigate in Scenario Login has become pass
[INFO ] 2019-10-31 01:50:59.314 [main] DriverScript - The Method validateTitle execution has started in Scenario Login
[INFO ] 2019-10-31 01:50:59.530 [main] DriverScript - validateTitle method successfully ended
[INFO ] 2019-10-31 01:50:59.530 [main] DriverScript - The Execution status of the Method validateTitle in Scenario Login has become Pass
[INFO ] 2019-10-31 01:50:59.816 [main] DriverScript - The Method validateMyntraLogo execution has started in Scenario Login
[INFO ] 2019-10-31 01:51:01.491 [main] DriverScript - validateMyntraLogo method successfully ended
[INFO ] 2019-10-31 01:51:01.491 [main] DriverScript - The Execution status of the Method validateMyntraLogo in Scenario Login has become Pass
[INFO ] 2019-10-31 01:51:01.681 [main] DriverScript - The Method login execution has started in Scenario Login
[INFO ] 2019-10-31 01:51:01.682 [main] DriverScript - loginMethod started here.. 
[INFO ] 2019-10-31 01:51:01.797 [main] DriverScript - Element 'profile' is present
[ERROR] 2019-10-31 01:51:07.637 [main] DriverScript - there is exception araised during the execution of Method Login: org.openqa.selenium.ElementNotInteractableException: element not interactable
  (Session info: chrome=78.0.3904.70)
Build info: version: '4.0.0-alpha-1', revision: 'd1d3728cae', time: '2019-04-24T13:42:21'
System info: host: 'DESKTOP-A5GCHAB', ip: '192.168.1.2', os.name: 'Windows 10', os.arch: 'amd64', os.version: '10.0', java.version: '1.8.0_201'
Driver info: org.openqa.selenium.chrome.ChromeDriver
Capabilities {acceptInsecureCerts: false, browserName: chrome, browserVersion: 78.0.3904.70, chrome: {chromedriverVersion: 77.0.3865.40 (f484704e052e0..., userDataDir: C:\Users\Siddu\AppData\Loca...}, goog:chromeOptions: {debuggerAddress: localhost:52525}, javascriptEnabled: true, networkConnectionEnabled: false, pageLoadStrategy: normal, platform: XP, platformName: XP, proxy: Proxy(), setWindowRect: true, strictFileInteractability: false, timeouts: {implicit: 0, pageLoad: 300000, script: 30000}, unhandledPromptBehavior: dismiss and notify}
Session ID: c5d91911019961e2b51b0a38524fef48
[INFO ] 2019-10-31 01:51:12.766 [main] DriverScript - The Execution status of the Method login in Scenario Login has become Fail
[INFO ] 2019-10-31 01:51:13.197 [main] DriverScript - The Method verifyUser execution has started in Scenario Login
[INFO ] 2019-10-31 01:51:13.197 [main] DriverScript - VerifyUser method started here.. 
[INFO ] 2019-10-31 01:51:14.265 [main] DriverScript - Element 'profile' is present
[INFO ] 2019-10-31 01:51:15.153 [main] DriverScript - The Execution status of the Method verifyUser in Scenario Login has become Fail
[INFO ] 2019-10-31 01:51:15.365 [main] DriverScript - The Method logout execution has started in Scenario Login
[INFO ] 2019-10-31 01:51:15.365 [main] DriverScript - Execution Of the Logout method  started here..
[ERROR] 2019-10-31 01:51:26.529 [main] DriverScript - there is an exception arised during execution of Logout method :org.openqa.selenium.NoSuchElementException: no such element: Unable to locate element: {"method":"xpath","selector":"//div[text()=' Logout ']"}
  (Session info: chrome=78.0.3904.70)
For documentation on this error, please visit: https://www.seleniumhq.org/exceptions/no_such_element.html
Build info: version: '4.0.0-alpha-1', revision: 'd1d3728cae', time: '2019-04-24T13:42:21'
System info: host: 'DESKTOP-A5GCHAB', ip: '192.168.1.2', os.name: 'Windows 10', os.arch: 'amd64', os.version: '10.0', java.version: '1.8.0_201'
Driver info: org.openqa.selenium.chrome.ChromeDriver
Capabilities {acceptInsecureCerts: false, browserName: chrome, browserVersion: 78.0.3904.70, chrome: {chromedriverVersion: 77.0.3865.40 (f484704e052e0..., userDataDir: C:\Users\Siddu\AppData\Loca...}, goog:chromeOptions: {debuggerAddress: localhost:52525}, javascriptEnabled: true, networkConnectionEnabled: false, pageLoadStrategy: normal, platform: XP, platformName: XP, proxy: Proxy(), setWindowRect: true, strictFileInteractability: false, timeouts: {implicit: 0, pageLoad: 300000, script: 30000}, unhandledPromptBehavior: dismiss and notify}
Session ID: c5d91911019961e2b51b0a38524fef48
*** Element info: {Using=xpath, value=//div[text()=' Logout ']}
[INFO ] 2019-10-31 01:51:27.418 [main] DriverScript - The Execution status of the Method logout in Scenario Login has become Fail
[INFO ] 2019-10-31 01:51:27.872 [main] DriverScript - The Method closeApplication execution has started in Scenario Login
[INFO ] 2019-10-31 01:51:29.003 [main] DriverScript - The Execution status of the Method closeApplication in Scenario Login has become pass
[ERROR] 2019-10-31 01:51:29.172 [main] DriverScript - there is an execption araised during the execution of the Method executeTestScripts , The Exception :java.lang.ClassNotFoundException: 
[INFO ] 2019-11-03 20:22:15.232 [main] DriverScript - execution of loadingfiles method started here..
[INFO ] 2019-11-03 20:22:15.382 [main] DriverScript - the execution of the method executeTestScripts strated here..
[INFO ] 2019-11-03 20:22:19.643 [main] DriverScript - The Scenario Login has started........
[INFO ] 2019-11-03 20:22:19.797 [main] DriverScript -  ChromeBrowser launched successfully
[INFO ] 2019-11-03 20:22:20.500 [main] DriverScript - The Method navigate execution has started in Scenario Login
[INFO ] 2019-11-03 20:22:20.501 [main] DriverScript - The excution of the navigate  method started here... 
[INFO ] 2019-11-03 20:22:20.543 [main] DriverScript - The Execution status of the Method navigate in Scenario Login has become fail
[INFO ] 2019-11-03 20:22:21.250 [main] DriverScript - The Method validateTitle execution has started in Scenario Login
[INFO ] 2019-11-03 20:22:21.253 [main] DriverScript - The Execution status of the Method validateTitle in Scenario Login has become Fail
[INFO ] 2019-11-03 20:22:21.601 [main] DriverScript - The Method validateMyntraLogo execution has started in Scenario Login
[INFO ] 2019-11-03 20:22:21.766 [main] DriverScript - The Execution status of the Method validateMyntraLogo in Scenario Login has become Fail
[INFO ] 2019-11-03 20:22:22.115 [main] DriverScript - The Method login execution has started in Scenario Login
[INFO ] 2019-11-03 20:22:22.115 [main] DriverScript - loginMethod started here.. 
[ERROR] 2019-11-03 20:22:22.173 [main] DriverScript - there is exception araised during the execution of Method Login: java.lang.NullPointerException
[INFO ] 2019-11-03 20:22:22.178 [main] DriverScript - The Execution status of the Method login in Scenario Login has become Fail
[INFO ] 2019-11-03 20:22:22.382 [main] DriverScript - The Method verifyUser execution has started in Scenario Login
[INFO ] 2019-11-03 20:22:22.382 [main] DriverScript - VerifyUser method started here.. 
[INFO ] 2019-11-03 20:22:23.386 [main] DriverScript - The Execution status of the Method verifyUser in Scenario Login has become Fail
[INFO ] 2019-11-03 20:22:23.542 [main] DriverScript - The Method logout execution has started in Scenario Login
[INFO ] 2019-11-03 20:22:23.542 [main] DriverScript - Execution Of the Logout method  started here..
[ERROR] 2019-11-03 20:22:23.544 [main] DriverScript - there is an exception arised during execution of Logout method :java.lang.NullPointerException
[INFO ] 2019-11-03 20:22:23.548 [main] DriverScript - The Execution status of the Method logout in Scenario Login has become Fail
[INFO ] 2019-11-03 20:22:23.697 [main] DriverScript - The Method closeApplication execution has started in Scenario Login
[INFO ] 2019-11-03 20:22:23.705 [main] DriverScript - The Execution status of the Method closeApplication in Scenario Login has become fail
[ERROR] 2019-11-03 20:22:23.972 [main] DriverScript - there is an execption araised during the execution of the Method executeTestScripts , The Exception :java.lang.ClassNotFoundException: 
[INFO ] 2019-11-03 20:24:12.212 [main] DriverScript - execution of loadingfiles method started here..
[INFO ] 2019-11-03 20:24:12.232 [main] DriverScript - the execution of the method executeTestScripts strated here..
[INFO ] 2019-11-03 20:24:13.356 [main] DriverScript - The Scenario Login has started........
[INFO ] 2019-11-03 20:24:13.359 [main] DriverScript -  ChromeBrowser launched successfully
[INFO ] 2019-11-03 20:24:14.099 [main] DriverScript - The Method navigate execution has started in Scenario Login
[INFO ] 2019-11-03 20:24:14.101 [main] DriverScript - The excution of the navigate  method started here... 
[INFO ] 2019-11-03 20:24:14.123 [main] DriverScript - The Execution status of the Method navigate in Scenario Login has become fail
[INFO ] 2019-11-03 20:24:14.567 [main] DriverScript - The Method validateTitle execution has started in Scenario Login
[INFO ] 2019-11-03 20:24:14.574 [main] DriverScript - The Execution status of the Method validateTitle in Scenario Login has become Fail
[INFO ] 2019-11-03 20:24:14.969 [main] DriverScript - The Method validateMyntraLogo execution has started in Scenario Login
[INFO ] 2019-11-03 20:24:14.983 [main] DriverScript - The Execution status of the Method validateMyntraLogo in Scenario Login has become Fail
[INFO ] 2019-11-03 20:24:15.388 [main] DriverScript - The Method login execution has started in Scenario Login
[INFO ] 2019-11-03 20:24:15.390 [main] DriverScript - loginMethod started here.. 
[ERROR] 2019-11-03 20:24:15.543 [main] DriverScript - there is exception araised during the execution of Method Login: java.lang.NullPointerException
[INFO ] 2019-11-03 20:24:15.566 [main] DriverScript - The Execution status of the Method login in Scenario Login has become Fail
[INFO ] 2019-11-03 20:24:15.846 [main] DriverScript - The Method verifyUser execution has started in Scenario Login
[INFO ] 2019-11-03 20:24:15.847 [main] DriverScript - VerifyUser method started here.. 
[INFO ] 2019-11-03 20:24:16.849 [main] DriverScript - The Execution status of the Method verifyUser in Scenario Login has become Fail
[INFO ] 2019-11-03 20:24:17.034 [main] DriverScript - The Method logout execution has started in Scenario Login
[INFO ] 2019-11-03 20:24:17.034 [main] DriverScript - Execution Of the Logout method  started here..
[ERROR] 2019-11-03 20:24:17.036 [main] DriverScript - there is an exception arised during execution of Logout method :java.lang.NullPointerException
[INFO ] 2019-11-03 20:24:17.039 [main] DriverScript - The Execution status of the Method logout in Scenario Login has become Fail
[INFO ] 2019-11-03 20:24:17.170 [main] DriverScript - The Method closeApplication execution has started in Scenario Login
[INFO ] 2019-11-03 20:24:17.177 [main] DriverScript - The Execution status of the Method closeApplication in Scenario Login has become fail
[ERROR] 2019-11-03 20:24:17.316 [main] DriverScript - there is an execption araised during the execution of the Method executeTestScripts , The Exception :java.lang.ClassNotFoundException: 
[INFO ] 2019-11-03 21:03:27.952 [main] DriverScript - execution of loadingfiles method started here..
[INFO ] 2019-11-03 21:03:28.086 [main] DriverScript - the execution of the method executeTestScripts strated here..
[INFO ] 2019-11-03 21:03:31.029 [main] DriverScript - The Scenario Login has started........
[INFO ] 2019-11-03 21:03:31.032 [main] DriverScript -  ChromeBrowser launched successfully
[INFO ] 2019-11-03 21:03:31.676 [main] DriverScript - The Method navigate execution has started in Scenario Login
[INFO ] 2019-11-03 21:03:31.677 [main] DriverScript - The excution of the navigate  method started here... 
[INFO ] 2019-11-03 21:03:31.720 [main] DriverScript - The Execution status of the Method navigate in Scenario Login has become fail
[INFO ] 2019-11-03 21:03:32.211 [main] DriverScript - The Method validateTitle execution has started in Scenario Login
[INFO ] 2019-11-03 21:03:32.214 [main] DriverScript - The Execution status of the Method validateTitle in Scenario Login has become Fail
[INFO ] 2019-11-03 21:03:32.465 [main] DriverScript - The Method validateMyntraLogo execution has started in Scenario Login
[INFO ] 2019-11-03 21:03:32.525 [main] DriverScript - The Execution status of the Method validateMyntraLogo in Scenario Login has become Fail
[INFO ] 2019-11-03 21:03:32.786 [main] DriverScript - The Method login execution has started in Scenario Login
[INFO ] 2019-11-03 21:03:32.787 [main] DriverScript - loginMethod started here.. 
[ERROR] 2019-11-03 21:03:32.925 [main] DriverScript - there is exception araised during the execution of Method Login: java.lang.NullPointerException
[INFO ] 2019-11-03 21:03:32.929 [main] DriverScript - The Execution status of the Method login in Scenario Login has become Fail
[INFO ] 2019-11-03 21:03:33.128 [main] DriverScript - The Method verifyUser execution has started in Scenario Login
[INFO ] 2019-11-03 21:03:33.128 [main] DriverScript - VerifyUser method started here.. 
[INFO ] 2019-11-03 21:03:34.131 [main] DriverScript - The Execution status of the Method verifyUser in Scenario Login has become Fail
[INFO ] 2019-11-03 21:03:34.314 [main] DriverScript - The Method logout execution has started in Scenario Login
[INFO ] 2019-11-03 21:03:34.315 [main] DriverScript - Execution Of the Logout method  started here..
[ERROR] 2019-11-03 21:03:34.316 [main] DriverScript - there is an exception arised during execution of Logout method :java.lang.NullPointerException
[INFO ] 2019-11-03 21:03:34.319 [main] DriverScript - The Execution status of the Method logout in Scenario Login has become Fail
[INFO ] 2019-11-03 21:03:34.481 [main] DriverScript - The Method closeApplication execution has started in Scenario Login
[INFO ] 2019-11-03 21:03:34.486 [main] DriverScript - The Execution status of the Method closeApplication in Scenario Login has become fail
[ERROR] 2019-11-03 21:03:34.605 [main] DriverScript - there is an execption araised during the execution of the Method executeTestScripts , The Exception :java.lang.ClassNotFoundException: 
[INFO ] 2019-11-03 21:06:01.555 [main] DriverScript - execution of loadingfiles method started here..
[INFO ] 2019-11-03 21:06:01.579 [main] DriverScript - the execution of the method executeTestScripts strated here..
[INFO ] 2019-11-03 21:06:02.567 [main] DriverScript - The Scenario Login has started........
[INFO ] 2019-11-03 21:06:02.570 [main] DriverScript -  ChromeBrowser launched successfully
[INFO ] 2019-11-03 21:06:26.526 [main] DriverScript - The Method navigate execution has started in Scenario Login
[INFO ] 2019-11-03 21:06:26.526 [main] DriverScript - The excution of the navigate  method started here... 
[INFO ] 2019-11-03 21:06:45.901 [main] DriverScript - The excution of the navigate  method ended... 
[INFO ] 2019-11-03 21:06:45.902 [main] DriverScript - The Execution status of the Method navigate in Scenario Login has become pass
[INFO ] 2019-11-03 21:06:49.266 [main] DriverScript - The Method validateTitle execution has started in Scenario Login
[INFO ] 2019-11-03 21:06:49.294 [main] DriverScript - validateTitle method successfully ended
[INFO ] 2019-11-03 21:06:49.295 [main] DriverScript - The Execution status of the Method validateTitle in Scenario Login has become Pass
[INFO ] 2019-11-03 21:06:49.520 [main] DriverScript - The Method validateMyntraLogo execution has started in Scenario Login
[INFO ] 2019-11-03 21:06:50.525 [main] DriverScript - validateMyntraLogo method successfully ended
[INFO ] 2019-11-03 21:06:50.525 [main] DriverScript - The Execution status of the Method validateMyntraLogo in Scenario Login has become Pass
[INFO ] 2019-11-03 21:06:50.717 [main] DriverScript - The Method login execution has started in Scenario Login
[INFO ] 2019-11-03 21:06:50.717 [main] DriverScript - loginMethod started here.. 
[INFO ] 2019-11-03 21:06:50.845 [main] DriverScript - Element 'profile' is present
[INFO ] 2019-11-03 21:06:56.867 [main] DriverScript - Clicked on 'Login' button
[INFO ] 2019-11-03 21:06:56.921 [main] DriverScript - Element 'Email' is present
[INFO ] 2019-11-03 21:06:57.325 [main] DriverScript - Entered chidanand5531@gmail.com in ,Email,field 
[INFO ] 2019-11-03 21:06:57.396 [main] DriverScript - Element 'Password' is present
[INFO ] 2019-11-03 21:06:57.548 [main] DriverScript - Entered chidanand in ,Password,field 
[INFO ] 2019-11-03 21:06:57.624 [main] DriverScript - Element 'Login' is present
[INFO ] 2019-11-03 21:06:57.819 [main] DriverScript - Clicked on 'Login' button
[INFO ] 2019-11-03 21:06:57.819 [main] DriverScript - loginMethod successfully ended 
[INFO ] 2019-11-03 21:06:57.819 [main] DriverScript - The Execution status of the Method login in Scenario Login has become Pass
[INFO ] 2019-11-03 21:06:58.114 [main] DriverScript - The Method verifyUser execution has started in Scenario Login
[INFO ] 2019-11-03 21:06:58.115 [main] DriverScript - VerifyUser method started here.. 
[INFO ] 2019-11-03 21:07:00.601 [main] DriverScript - Element 'profile' is present
[INFO ] 2019-11-03 21:07:03.532 [main] DriverScript - The Execution status of the Method verifyUser in Scenario Login has become Fail
[INFO ] 2019-11-03 21:07:03.720 [main] DriverScript - The Method logout execution has started in Scenario Login
[INFO ] 2019-11-03 21:07:03.720 [main] DriverScript - Execution Of the Logout method  started here..
[INFO ] 2019-11-03 21:07:15.168 [main] DriverScript - Execution Of the Logout method successfully ended
[INFO ] 2019-11-03 21:07:15.168 [main] DriverScript - The Execution status of the Method logout in Scenario Login has become Pass
[INFO ] 2019-11-03 21:07:15.332 [main] DriverScript - The Method closeApplication execution has started in Scenario Login
[INFO ] 2019-11-03 21:07:16.371 [main] DriverScript - The Execution status of the Method closeApplication in Scenario Login has become pass
[ERROR] 2019-11-03 21:07:16.545 [main] DriverScript - there is an execption araised during the execution of the Method executeTestScripts , The Exception :java.lang.ClassNotFoundException: 
[INFO ] 2019-11-05 08:49:38.837 [main] DriverScript - execution of loadingfiles method started here..
[INFO ] 2019-11-05 08:49:38.955 [main] DriverScript - the execution of the method executeTestScripts strated here..
[INFO ] 2019-11-05 08:49:42.432 [main] DriverScript - The Scenario Login has started........
[INFO ] 2019-11-05 08:49:42.435 [main] DriverScript -  ChromeBrowser launched successfully
[INFO ] 2019-11-05 08:50:00.614 [main] DriverScript - The Method navigate execution has started in Scenario Login
[INFO ] 2019-11-05 08:50:00.614 [main] DriverScript - The excution of the navigate  method started here... 
[INFO ] 2019-11-05 08:51:27.698 [main] DriverScript - The excution of the navigate  method ended... 
[INFO ] 2019-11-05 08:51:27.698 [main] DriverScript - The Execution status of the Method navigate in Scenario Login has become pass
[INFO ] 2019-11-05 08:51:28.180 [main] DriverScript - The Method validateTitle execution has started in Scenario Login
[INFO ] 2019-11-05 08:51:28.208 [main] DriverScript - validateTitle method successfully ended
[INFO ] 2019-11-05 08:51:28.209 [main] DriverScript - The Execution status of the Method validateTitle in Scenario Login has become Pass
[INFO ] 2019-11-05 08:51:28.434 [main] DriverScript - The Method validateMyntraLogo execution has started in Scenario Login
[INFO ] 2019-11-05 08:51:28.629 [main] DriverScript - validateMyntraLogo method successfully ended
[INFO ] 2019-11-05 08:51:28.629 [main] DriverScript - The Execution status of the Method validateMyntraLogo in Scenario Login has become Pass
[INFO ] 2019-11-05 08:51:28.845 [main] DriverScript - The Method login execution has started in Scenario Login
[INFO ] 2019-11-05 08:51:28.845 [main] DriverScript - loginMethod started here.. 
[INFO ] 2019-11-05 08:51:28.989 [main] DriverScript - Element 'profile' is present
[INFO ] 2019-11-05 08:51:46.409 [main] DriverScript - Clicked on 'Login' button
[INFO ] 2019-11-05 08:51:46.466 [main] DriverScript - Element 'Email' is present
[INFO ] 2019-11-05 08:51:46.763 [main] DriverScript - Entered chidanand5531@gmail.com in ,Email,field 
[INFO ] 2019-11-05 08:51:46.817 [main] DriverScript - Element 'Password' is present
[INFO ] 2019-11-05 08:51:46.974 [main] DriverScript - Entered chidanand in ,Password,field 
[INFO ] 2019-11-05 08:51:47.027 [main] DriverScript - Element 'Login' is present
[INFO ] 2019-11-05 08:51:47.216 [main] DriverScript - Clicked on 'Login' button
[INFO ] 2019-11-05 08:51:47.216 [main] DriverScript - loginMethod successfully ended 
[INFO ] 2019-11-05 08:51:47.217 [main] DriverScript - The Execution status of the Method login in Scenario Login has become Pass
[INFO ] 2019-11-05 08:51:47.392 [main] DriverScript - The Method verifyUser execution has started in Scenario Login
[INFO ] 2019-11-05 08:51:47.392 [main] DriverScript - VerifyUser method started here.. 
[INFO ] 2019-11-05 08:51:48.497 [main] DriverScript - Element 'profile' is present
[INFO ] 2019-11-05 08:51:58.871 [main] DriverScript - The Execution status of the Method verifyUser in Scenario Login has become Fail
[INFO ] 2019-11-05 08:51:59.020 [main] DriverScript - The Method logout execution has started in Scenario Login
[INFO ] 2019-11-05 08:51:59.021 [main] DriverScript - Execution Of the Logout method  started here..
[INFO ] 2019-11-05 08:52:13.113 [main] DriverScript - Execution Of the Logout method successfully ended
[INFO ] 2019-11-05 08:52:13.114 [main] DriverScript - The Execution status of the Method logout in Scenario Login has become Pass
[INFO ] 2019-11-05 08:52:13.280 [main] DriverScript - The Method closeApplication execution has started in Scenario Login
[INFO ] 2019-11-05 08:52:13.654 [main] DriverScript - The Execution status of the Method closeApplication in Scenario Login has become pass
[ERROR] 2019-11-05 08:52:13.814 [main] DriverScript - there is an execption araised during the execution of the Method executeTestScripts , The Exception :java.lang.ClassNotFoundException: 
[INFO ] 2019-11-05 08:56:41.691 [main] DriverScript - execution of loadingfiles method started here..
[INFO ] 2019-11-05 08:56:41.876 [main] DriverScript - the execution of the method executeTestScripts strated here..
[INFO ] 2019-11-05 08:56:43.611 [main] DriverScript - The Scenario Login has started........
[INFO ] 2019-11-05 08:56:43.639 [main] DriverScript -  ChromeBrowser launched successfully
[INFO ] 2019-11-05 08:56:52.257 [main] DriverScript - The Method navigate execution has started in Scenario Login
[INFO ] 2019-11-05 08:56:52.257 [main] DriverScript - The excution of the navigate  method started here... 
[INFO ] 2019-11-05 08:58:26.566 [main] DriverScript - The excution of the navigate  method ended... 
[INFO ] 2019-11-05 08:58:26.567 [main] DriverScript - The Execution status of the Method navigate in Scenario Login has become pass
[INFO ] 2019-11-05 08:58:27.022 [main] DriverScript - The Method validateTitle execution has started in Scenario Login
[INFO ] 2019-11-05 08:58:27.041 [main] DriverScript - validateTitle method successfully ended
[INFO ] 2019-11-05 08:58:27.042 [main] DriverScript - The Execution status of the Method validateTitle in Scenario Login has become Pass
[INFO ] 2019-11-05 08:58:27.305 [main] DriverScript - The Method validateMyntraLogo execution has started in Scenario Login
[INFO ] 2019-11-05 08:58:27.520 [main] DriverScript - validateMyntraLogo method successfully ended
[INFO ] 2019-11-05 08:58:27.520 [main] DriverScript - The Execution status of the Method validateMyntraLogo in Scenario Login has become Pass
[INFO ] 2019-11-05 08:58:27.713 [main] DriverScript - The Method login execution has started in Scenario Login
[INFO ] 2019-11-05 08:58:27.713 [main] DriverScript - loginMethod started here.. 
[INFO ] 2019-11-05 08:58:27.847 [main] DriverScript - Element 'profile' is present
[INFO ] 2019-11-05 08:58:35.316 [main] DriverScript - Clicked on 'Login' button
[INFO ] 2019-11-05 08:58:35.399 [main] DriverScript - Element 'Email' is present
[INFO ] 2019-11-05 08:58:35.888 [main] DriverScript - Entered chidanand5531@gmail.com in ,Email,field 
[INFO ] 2019-11-05 08:58:35.940 [main] DriverScript - Element 'Password' is present
[INFO ] 2019-11-05 08:58:36.185 [main] DriverScript - Entered chidanand in ,Password,field 
[INFO ] 2019-11-05 08:58:36.224 [main] DriverScript - Element 'Login' is present
[INFO ] 2019-11-05 08:58:36.404 [main] DriverScript - Clicked on 'Login' button
[INFO ] 2019-11-05 08:58:36.404 [main] DriverScript - loginMethod successfully ended 
[INFO ] 2019-11-05 08:58:36.404 [main] DriverScript - The Execution status of the Method login in Scenario Login has become Pass
[INFO ] 2019-11-05 08:58:36.597 [main] DriverScript - The Method verifyUser execution has started in Scenario Login
[INFO ] 2019-11-05 08:58:36.597 [main] DriverScript - VerifyUser method started here.. 
[INFO ] 2019-11-05 08:58:39.804 [main] DriverScript - The Execution status of the Method verifyUser in Scenario Login has become Fail
[INFO ] 2019-11-05 08:58:39.954 [main] DriverScript - The Method logout execution has started in Scenario Login
[INFO ] 2019-11-05 08:58:39.954 [main] DriverScript - Execution Of the Logout method  started here..
[INFO ] 2019-11-05 08:58:47.424 [main] DriverScript - Execution Of the Logout method successfully ended
[INFO ] 2019-11-05 08:58:47.424 [main] DriverScript - The Execution status of the Method logout in Scenario Login has become Pass
[INFO ] 2019-11-05 08:58:47.545 [main] DriverScript - The Method closeApplication execution has started in Scenario Login
[INFO ] 2019-11-05 08:58:48.150 [main] DriverScript - The Execution status of the Method closeApplication in Scenario Login has become pass
[ERROR] 2019-11-05 08:58:48.310 [main] DriverScript - there is an execption araised during the execution of the Method executeTestScripts , The Exception :java.lang.ClassNotFoundException: 
